<?xml version="1.0" encoding="utf-8" standalone="no"?>
<!--This file represents the results of running a test suite-->
<test-results name="C:\dev\Meringue\src\tests\Meringue.nunit" total="11" errors="0" failures="0" not-run="0" inconclusive="0" ignored="0" skipped="0" invalid="0" date="2010-08-16" time="14:03:17">
  <environment nunit-version="2.5.7.10213" clr-version="2.0.50727.4952" os-version="Microsoft Windows NT 6.1.7600.0" platform="Win32NT" cwd="C:\Program Files (x86)\NUnit 2.5.7\bin\net-2.0" machine-name="BROOKLYNMUTT" user="John" user-domain="BrooklynMutt" />
  <culture-info current-culture="en-US" current-uiculture="en-US" />
  <test-suite type="Project" name="C:\dev\Meringue\src\tests\Meringue.nunit" executed="True" result="Success" success="True" time="0.204" asserts="0">
    <results>
      <test-suite type="Assembly" name="C:\dev\Meringue\src\tests\Meringue.Core.Tests\bin\Debug\Meringue.Core.Tests.dll" executed="True" result="Success" success="True" time="0.191" asserts="0">
        <results>
          <test-suite type="Namespace" name="Meringue" executed="True" result="Success" success="True" time="0.188" asserts="0">
            <results>
              <test-suite type="Namespace" name="Core" executed="True" result="Success" success="True" time="0.185" asserts="0">
                <results>
                  <test-suite type="Namespace" name="Tests" executed="True" result="Success" success="True" time="0.180" asserts="0">
                    <results>
                      <test-suite type="Namespace" name="Extensions" executed="True" result="Success" success="True" time="0.174" asserts="0">
                        <results>
                          <test-suite type="TestFixture" name="IEnumerableExtensionsTests" executed="True" result="Success" success="True" time="0.139" asserts="0">
                            <results>
                              <test-case name="Meringue.Core.Tests.Extensions.IEnumerableExtensionsTests.CanSumIntListUsingForEach" executed="True" result="Success" success="True" time="0.071" asserts="1" />
                              <test-case name="Meringue.Core.Tests.Extensions.IEnumerableExtensionsTests.CanSumIntListUsingTryForEach" executed="True" result="Success" success="True" time="0.047" asserts="2" />
                            </results>
                          </test-suite>
                          <test-suite type="TestFixture" name="IngegerExtensionsTests" executed="True" result="Success" success="True" time="0.008" asserts="0">
                            <results>
                              <test-case name="Meringue.Core.Tests.Extensions.IngegerExtensionsTests.CanCreateArrayOfNIntsFromEndToStartWithTo" executed="True" result="Success" success="True" time="0.001" asserts="3" />
                              <test-case name="Meringue.Core.Tests.Extensions.IngegerExtensionsTests.CanCreateArrayOfNIntsFromStartToEndWithTo" executed="True" result="Success" success="True" time="0.001" asserts="3" />
                              <test-case name="Meringue.Core.Tests.Extensions.IngegerExtensionsTests.CanCreateArrayOfNIntsWhenStartEqualsEndWithTo" executed="True" result="Success" success="True" time="0.000" asserts="2" />
                            </results>
                          </test-suite>
                          <test-suite type="TestFixture" name="StringExtensionsTests" executed="True" result="Success" success="True" time="0.017" asserts="0">
                            <results>
                              <test-case name="Meringue.Core.Tests.Extensions.StringExtensionsTests.CanGetLeftNCharactersWhenStringLenEqualsN" executed="True" result="Success" success="True" time="0.002" asserts="1" />
                              <test-case name="Meringue.Core.Tests.Extensions.StringExtensionsTests.CanGetLeftNCharactersWhenStringLenGreaterThanN" executed="True" result="Success" success="True" time="0.000" asserts="1" />
                              <test-case name="Meringue.Core.Tests.Extensions.StringExtensionsTests.CanGetLeftNCharactersWhenStringLenLessThanN" executed="True" result="Success" success="True" time="0.001" asserts="1" />
                              <test-case name="Meringue.Core.Tests.Extensions.StringExtensionsTests.CanGetRightNCharactersWhenStringLenEqualsN" executed="True" result="Success" success="True" time="0.001" asserts="1" />
                              <test-case name="Meringue.Core.Tests.Extensions.StringExtensionsTests.CanGetRightNCharactersWhenStringLenGreaterThanN" executed="True" result="Success" success="True" time="0.000" asserts="1" />
                              <test-case name="Meringue.Core.Tests.Extensions.StringExtensionsTests.CanGetRightNCharactersWhenStringLenLessThanN" executed="True" result="Success" success="True" time="0.000" asserts="1" />
                            </results>
                          </test-suite>
                        </results>
                      </test-suite>
                    </results>
                  </test-suite>
                </results>
              </test-suite>
            </results>
          </test-suite>
        </results>
      </test-suite>
    </results>
  </test-suite>
</test-results>